<?xml version="1.0" encoding="UTF-8"?>
<!-- Generated by org.testng.reporters.JUnitReportReporter -->
<testsuite skipped="0" hostname="LAPTOP-VHJLB13J" name="TestMaven.NewTest" tests="1" failures="0" timestamp="2020-01-05T11:28:17 IST" time="13.961" errors="0">
  <testcase name="f" time="13.961" classname="TestMaven.NewTest"/>
</testsuite> <!-- TestMaven.NewTest -->
