<?xml version="1.0" encoding="UTF-8"?>
<!-- Generated by org.testng.reporters.JUnitReportReporter -->
<testsuite hostname="LAPTOP-VHJLB13J" name="TestMaven.NewTest" tests="1" failures="0" timestamp="12 Jan 2020 07:49:55 GMT" time="25.447" errors="0">
  <testcase name="f" time="25.447" classname="TestMaven.NewTest"/>
</testsuite> <!-- TestMaven.NewTest -->
